/root/next-loader/src/edk2/UDK2018/MyWorkSpace/Build/MdeModule/RELEASE_GCC49/IA32/MdePkg/Library/BaseDebugLibNull/BaseDebugLibNull/OUTPUT/BaseDebugLibNull.lib
/root/next-loader/src/edk2/UDK2018/MyWorkSpace/Build/MdeModule/RELEASE_GCC49/IA32/MdePkg/Library/BaseLib/BaseLib/OUTPUT/BaseLib.lib
/root/next-loader/src/edk2/UDK2018/MyWorkSpace/Build/MdeModule/RELEASE_GCC49/IA32/MdePkg/Library/BaseMemoryLib/BaseMemoryLib/OUTPUT/BaseMemoryLib.lib
/root/next-loader/src/edk2/UDK2018/MyWorkSpace/Build/MdeModule/RELEASE_GCC49/IA32/MdePkg/Library/BasePcdLibNull/BasePcdLibNull/OUTPUT/BasePcdLibNull.lib
/root/next-loader/src/edk2/UDK2018/MyWorkSpace/Build/MdeModule/RELEASE_GCC49/IA32/MdePkg/Library/UefiBootServicesTableLib/UefiBootServicesTableLib/OUTPUT/UefiBootServicesTableLib.lib
/root/next-loader/src/edk2/UDK2018/MyWorkSpace/Build/MdeModule/RELEASE_GCC49/IA32/MdePkg/Library/BaseIoLibIntrinsic/BaseIoLibIntrinsic/OUTPUT/BaseIoLibIntrinsic.lib
/root/next-loader/src/edk2/UDK2018/MyWorkSpace/Build/MdeModule/RELEASE_GCC49/IA32/MdePkg/Library/BasePrintLib/BasePrintLib/OUTPUT/BasePrintLib.lib
/root/next-loader/src/edk2/UDK2018/MyWorkSpace/Build/MdeModule/RELEASE_GCC49/IA32/MdePkg/Library/UefiMemoryAllocationLib/UefiMemoryAllocationLib/OUTPUT/UefiMemoryAllocationLib.lib
/root/next-loader/src/edk2/UDK2018/MyWorkSpace/Build/MdeModule/RELEASE_GCC49/IA32/MdePkg/Library/BasePciCf8Lib/BasePciCf8Lib/OUTPUT/BasePciCf8Lib.lib
/root/next-loader/src/edk2/UDK2018/MyWorkSpace/Build/MdeModule/RELEASE_GCC49/IA32/MdePkg/Library/UefiRuntimeServicesTableLib/UefiRuntimeServicesTableLib/OUTPUT/UefiRuntimeServicesTableLib.lib
/root/next-loader/src/edk2/UDK2018/MyWorkSpace/Build/MdeModule/RELEASE_GCC49/IA32/MdePkg/Library/UefiDevicePathLib/UefiDevicePathLib/OUTPUT/UefiDevicePathLib.lib
/root/next-loader/src/edk2/UDK2018/MyWorkSpace/Build/MdeModule/RELEASE_GCC49/IA32/MdePkg/Library/BasePciLibCf8/BasePciLibCf8/OUTPUT/BasePciLibCf8.lib
/root/next-loader/src/edk2/UDK2018/MyWorkSpace/Build/MdeModule/RELEASE_GCC49/IA32/MdePkg/Library/UefiLib/UefiLib/OUTPUT/UefiLib.lib
/root/next-loader/src/edk2/UDK2018/MyWorkSpace/Build/MdeModule/RELEASE_GCC49/IA32/MdePkg/Library/BasePciSegmentLibPci/BasePciSegmentLibPci/OUTPUT/BasePciSegmentLibPci.lib
/root/next-loader/src/edk2/UDK2018/MyWorkSpace/Build/MdeModule/RELEASE_GCC49/IA32/MdePkg/Library/DxeSmbusLib/DxeSmbusLib/OUTPUT/DxeSmbusLib.lib
/root/next-loader/src/edk2/UDK2018/MyWorkSpace/Build/MdeModule/RELEASE_GCC49/IA32/MdePkg/Library/BaseTimerLibNullTemplate/BaseTimerLibNullTemplate/OUTPUT/BaseTimerLibNullTemplate.lib
/root/next-loader/src/edk2/UDK2018/MyWorkSpace/Build/MdeModule/RELEASE_GCC49/IA32/MdeModulePkg/Library/SmmLockBoxLib/SmmLockBoxDxeLib/OUTPUT/SmmLockBoxDxeLib.lib
/root/next-loader/src/edk2/UDK2018/MyWorkSpace/Build/MdeModule/RELEASE_GCC49/IA32/MdePkg/Library/BasePeCoffExtraActionLibNull/BasePeCoffExtraActionLibNull/OUTPUT/PeCoffExtraActionLibNull.lib
/root/next-loader/src/edk2/UDK2018/MyWorkSpace/Build/MdeModule/RELEASE_GCC49/IA32/MdePkg/Library/UefiDriverEntryPoint/UefiDriverEntryPoint/OUTPUT/UefiDriverEntryPoint.lib
/root/next-loader/src/edk2/UDK2018/MyWorkSpace/Build/MdeModule/RELEASE_GCC49/IA32/MdeModulePkg/Library/PiDxeS3BootScriptLib/DxeS3BootScriptLib/OUTPUT/DxeS3BootScriptLib.lib
/root/next-loader/src/edk2/UDK2018/MyWorkSpace/Build/MdeModule/RELEASE_GCC49/IA32/MdePkg/Library/BasePeCoffLib/BasePeCoffLib/OUTPUT/BasePeCoffLib.lib
/root/next-loader/src/edk2/UDK2018/MyWorkSpace/Build/MdeModule/RELEASE_GCC49/IA32/MdePkg/Library/DxeServicesLib/DxeServicesLib/OUTPUT/DxeServicesLib.lib
/root/next-loader/src/edk2/UDK2018/MyWorkSpace/Build/MdeModule/RELEASE_GCC49/IA32/MdePkg/Library/BaseCacheMaintenanceLib/BaseCacheMaintenanceLib/OUTPUT/BaseCacheMaintenanceLib.lib
/root/next-loader/src/edk2/UDK2018/MyWorkSpace/Build/MdeModule/RELEASE_GCC49/IA32/MdeModulePkg/Library/DebugAgentLibNull/DebugAgentLibNull/OUTPUT/DebugAgentLibNull.lib
/root/next-loader/src/edk2/UDK2018/MyWorkSpace/Build/MdeModule/RELEASE_GCC49/IA32/MdeModulePkg/Library/CpuExceptionHandlerLibNull/CpuExceptionHandlerLibNull/OUTPUT/CpuExceptionHandlerLibNull.lib
/root/next-loader/src/edk2/UDK2018/MyWorkSpace/Build/MdeModule/RELEASE_GCC49/IA32/MdePkg/Library/DxeServicesTableLib/DxeServicesTableLib/OUTPUT/DxeServicesTableLib.lib
/root/next-loader/src/edk2/UDK2018/MyWorkSpace/Build/MdeModule/RELEASE_GCC49/IA32/MdeModulePkg/Universal/Acpi/BootScriptExecutorDxe/BootScriptExecutorDxe/OUTPUT/BootScriptExecutorDxe.lib