/usr/local/UDK2014/MyWorkSpace/Build/Mde/RELEASE_GCC49/X64/MdePkg/Library/BaseMemoryLibSse2/BaseMemoryLibSse2/OUTPUT/ScanMem64Wrapper.obj
/usr/local/UDK2014/MyWorkSpace/Build/Mde/RELEASE_GCC49/X64/MdePkg/Library/BaseMemoryLibSse2/BaseMemoryLibSse2/OUTPUT/ScanMem32Wrapper.obj
/usr/local/UDK2014/MyWorkSpace/Build/Mde/RELEASE_GCC49/X64/MdePkg/Library/BaseMemoryLibSse2/BaseMemoryLibSse2/OUTPUT/ScanMem16Wrapper.obj
/usr/local/UDK2014/MyWorkSpace/Build/Mde/RELEASE_GCC49/X64/MdePkg/Library/BaseMemoryLibSse2/BaseMemoryLibSse2/OUTPUT/ScanMem8Wrapper.obj
/usr/local/UDK2014/MyWorkSpace/Build/Mde/RELEASE_GCC49/X64/MdePkg/Library/BaseMemoryLibSse2/BaseMemoryLibSse2/OUTPUT/ZeroMemWrapper.obj
/usr/local/UDK2014/MyWorkSpace/Build/Mde/RELEASE_GCC49/X64/MdePkg/Library/BaseMemoryLibSse2/BaseMemoryLibSse2/OUTPUT/CompareMemWrapper.obj
/usr/local/UDK2014/MyWorkSpace/Build/Mde/RELEASE_GCC49/X64/MdePkg/Library/BaseMemoryLibSse2/BaseMemoryLibSse2/OUTPUT/SetMem64Wrapper.obj
/usr/local/UDK2014/MyWorkSpace/Build/Mde/RELEASE_GCC49/X64/MdePkg/Library/BaseMemoryLibSse2/BaseMemoryLibSse2/OUTPUT/SetMem32Wrapper.obj
/usr/local/UDK2014/MyWorkSpace/Build/Mde/RELEASE_GCC49/X64/MdePkg/Library/BaseMemoryLibSse2/BaseMemoryLibSse2/OUTPUT/SetMem16Wrapper.obj
/usr/local/UDK2014/MyWorkSpace/Build/Mde/RELEASE_GCC49/X64/MdePkg/Library/BaseMemoryLibSse2/BaseMemoryLibSse2/OUTPUT/SetMemWrapper.obj
/usr/local/UDK2014/MyWorkSpace/Build/Mde/RELEASE_GCC49/X64/MdePkg/Library/BaseMemoryLibSse2/BaseMemoryLibSse2/OUTPUT/CopyMemWrapper.obj
/usr/local/UDK2014/MyWorkSpace/Build/Mde/RELEASE_GCC49/X64/MdePkg/Library/BaseMemoryLibSse2/BaseMemoryLibSse2/OUTPUT/MemLibGuid.obj
/usr/local/UDK2014/MyWorkSpace/Build/Mde/RELEASE_GCC49/X64/MdePkg/Library/BaseMemoryLibSse2/BaseMemoryLibSse2/OUTPUT/X64/ScanMem64.obj
/usr/local/UDK2014/MyWorkSpace/Build/Mde/RELEASE_GCC49/X64/MdePkg/Library/BaseMemoryLibSse2/BaseMemoryLibSse2/OUTPUT/X64/ScanMem32.obj
/usr/local/UDK2014/MyWorkSpace/Build/Mde/RELEASE_GCC49/X64/MdePkg/Library/BaseMemoryLibSse2/BaseMemoryLibSse2/OUTPUT/X64/ScanMem16.obj
/usr/local/UDK2014/MyWorkSpace/Build/Mde/RELEASE_GCC49/X64/MdePkg/Library/BaseMemoryLibSse2/BaseMemoryLibSse2/OUTPUT/X64/ScanMem8.obj
/usr/local/UDK2014/MyWorkSpace/Build/Mde/RELEASE_GCC49/X64/MdePkg/Library/BaseMemoryLibSse2/BaseMemoryLibSse2/OUTPUT/X64/CompareMem.obj
/usr/local/UDK2014/MyWorkSpace/Build/Mde/RELEASE_GCC49/X64/MdePkg/Library/BaseMemoryLibSse2/BaseMemoryLibSse2/OUTPUT/X64/ZeroMem.obj
/usr/local/UDK2014/MyWorkSpace/Build/Mde/RELEASE_GCC49/X64/MdePkg/Library/BaseMemoryLibSse2/BaseMemoryLibSse2/OUTPUT/X64/SetMem64.obj
/usr/local/UDK2014/MyWorkSpace/Build/Mde/RELEASE_GCC49/X64/MdePkg/Library/BaseMemoryLibSse2/BaseMemoryLibSse2/OUTPUT/X64/SetMem32.obj
/usr/local/UDK2014/MyWorkSpace/Build/Mde/RELEASE_GCC49/X64/MdePkg/Library/BaseMemoryLibSse2/BaseMemoryLibSse2/OUTPUT/X64/SetMem16.obj
/usr/local/UDK2014/MyWorkSpace/Build/Mde/RELEASE_GCC49/X64/MdePkg/Library/BaseMemoryLibSse2/BaseMemoryLibSse2/OUTPUT/X64/SetMem.obj
/usr/local/UDK2014/MyWorkSpace/Build/Mde/RELEASE_GCC49/X64/MdePkg/Library/BaseMemoryLibSse2/BaseMemoryLibSse2/OUTPUT/X64/CopyMem.obj