/root/next-loader/src/edk2/UDK2018/MyWorkSpace/Build/MdeModule/RELEASE_GCC49/IA32/MdePkg/Library/BaseLib/BaseLib/OUTPUT/CheckSum.obj
/root/next-loader/src/edk2/UDK2018/MyWorkSpace/Build/MdeModule/RELEASE_GCC49/IA32/MdePkg/Library/BaseLib/BaseLib/OUTPUT/SwitchStack.obj
/root/next-loader/src/edk2/UDK2018/MyWorkSpace/Build/MdeModule/RELEASE_GCC49/IA32/MdePkg/Library/BaseLib/BaseLib/OUTPUT/SwapBytes64.obj
/root/next-loader/src/edk2/UDK2018/MyWorkSpace/Build/MdeModule/RELEASE_GCC49/IA32/MdePkg/Library/BaseLib/BaseLib/OUTPUT/SwapBytes32.obj
/root/next-loader/src/edk2/UDK2018/MyWorkSpace/Build/MdeModule/RELEASE_GCC49/IA32/MdePkg/Library/BaseLib/BaseLib/OUTPUT/SwapBytes16.obj
/root/next-loader/src/edk2/UDK2018/MyWorkSpace/Build/MdeModule/RELEASE_GCC49/IA32/MdePkg/Library/BaseLib/BaseLib/OUTPUT/LongJump.obj
/root/next-loader/src/edk2/UDK2018/MyWorkSpace/Build/MdeModule/RELEASE_GCC49/IA32/MdePkg/Library/BaseLib/BaseLib/OUTPUT/SetJump.obj
/root/next-loader/src/edk2/UDK2018/MyWorkSpace/Build/MdeModule/RELEASE_GCC49/IA32/MdePkg/Library/BaseLib/BaseLib/OUTPUT/RShiftU64.obj
/root/next-loader/src/edk2/UDK2018/MyWorkSpace/Build/MdeModule/RELEASE_GCC49/IA32/MdePkg/Library/BaseLib/BaseLib/OUTPUT/RRotU64.obj
/root/next-loader/src/edk2/UDK2018/MyWorkSpace/Build/MdeModule/RELEASE_GCC49/IA32/MdePkg/Library/BaseLib/BaseLib/OUTPUT/RRotU32.obj
/root/next-loader/src/edk2/UDK2018/MyWorkSpace/Build/MdeModule/RELEASE_GCC49/IA32/MdePkg/Library/BaseLib/BaseLib/OUTPUT/MultU64x64.obj
/root/next-loader/src/edk2/UDK2018/MyWorkSpace/Build/MdeModule/RELEASE_GCC49/IA32/MdePkg/Library/BaseLib/BaseLib/OUTPUT/MultU64x32.obj
/root/next-loader/src/edk2/UDK2018/MyWorkSpace/Build/MdeModule/RELEASE_GCC49/IA32/MdePkg/Library/BaseLib/BaseLib/OUTPUT/MultS64x64.obj
/root/next-loader/src/edk2/UDK2018/MyWorkSpace/Build/MdeModule/RELEASE_GCC49/IA32/MdePkg/Library/BaseLib/BaseLib/OUTPUT/ModU64x32.obj
/root/next-loader/src/edk2/UDK2018/MyWorkSpace/Build/MdeModule/RELEASE_GCC49/IA32/MdePkg/Library/BaseLib/BaseLib/OUTPUT/LShiftU64.obj
/root/next-loader/src/edk2/UDK2018/MyWorkSpace/Build/MdeModule/RELEASE_GCC49/IA32/MdePkg/Library/BaseLib/BaseLib/OUTPUT/LRotU64.obj
/root/next-loader/src/edk2/UDK2018/MyWorkSpace/Build/MdeModule/RELEASE_GCC49/IA32/MdePkg/Library/BaseLib/BaseLib/OUTPUT/LRotU32.obj
/root/next-loader/src/edk2/UDK2018/MyWorkSpace/Build/MdeModule/RELEASE_GCC49/IA32/MdePkg/Library/BaseLib/BaseLib/OUTPUT/LowBitSet64.obj
/root/next-loader/src/edk2/UDK2018/MyWorkSpace/Build/MdeModule/RELEASE_GCC49/IA32/MdePkg/Library/BaseLib/BaseLib/OUTPUT/LowBitSet32.obj
/root/next-loader/src/edk2/UDK2018/MyWorkSpace/Build/MdeModule/RELEASE_GCC49/IA32/MdePkg/Library/BaseLib/BaseLib/OUTPUT/HighBitSet64.obj
/root/next-loader/src/edk2/UDK2018/MyWorkSpace/Build/MdeModule/RELEASE_GCC49/IA32/MdePkg/Library/BaseLib/BaseLib/OUTPUT/HighBitSet32.obj
/root/next-loader/src/edk2/UDK2018/MyWorkSpace/Build/MdeModule/RELEASE_GCC49/IA32/MdePkg/Library/BaseLib/BaseLib/OUTPUT/GetPowerOfTwo64.obj
/root/next-loader/src/edk2/UDK2018/MyWorkSpace/Build/MdeModule/RELEASE_GCC49/IA32/MdePkg/Library/BaseLib/BaseLib/OUTPUT/GetPowerOfTwo32.obj
/root/next-loader/src/edk2/UDK2018/MyWorkSpace/Build/MdeModule/RELEASE_GCC49/IA32/MdePkg/Library/BaseLib/BaseLib/OUTPUT/DivU64x64Remainder.obj
/root/next-loader/src/edk2/UDK2018/MyWorkSpace/Build/MdeModule/RELEASE_GCC49/IA32/MdePkg/Library/BaseLib/BaseLib/OUTPUT/DivU64x32Remainder.obj
/root/next-loader/src/edk2/UDK2018/MyWorkSpace/Build/MdeModule/RELEASE_GCC49/IA32/MdePkg/Library/BaseLib/BaseLib/OUTPUT/DivU64x32.obj
/root/next-loader/src/edk2/UDK2018/MyWorkSpace/Build/MdeModule/RELEASE_GCC49/IA32/MdePkg/Library/BaseLib/BaseLib/OUTPUT/DivS64x64Remainder.obj
/root/next-loader/src/edk2/UDK2018/MyWorkSpace/Build/MdeModule/RELEASE_GCC49/IA32/MdePkg/Library/BaseLib/BaseLib/OUTPUT/ARShiftU64.obj
/root/next-loader/src/edk2/UDK2018/MyWorkSpace/Build/MdeModule/RELEASE_GCC49/IA32/MdePkg/Library/BaseLib/BaseLib/OUTPUT/BitField.obj
/root/next-loader/src/edk2/UDK2018/MyWorkSpace/Build/MdeModule/RELEASE_GCC49/IA32/MdePkg/Library/BaseLib/BaseLib/OUTPUT/CpuDeadLoop.obj
/root/next-loader/src/edk2/UDK2018/MyWorkSpace/Build/MdeModule/RELEASE_GCC49/IA32/MdePkg/Library/BaseLib/BaseLib/OUTPUT/Cpu.obj
/root/next-loader/src/edk2/UDK2018/MyWorkSpace/Build/MdeModule/RELEASE_GCC49/IA32/MdePkg/Library/BaseLib/BaseLib/OUTPUT/LinkedList.obj
/root/next-loader/src/edk2/UDK2018/MyWorkSpace/Build/MdeModule/RELEASE_GCC49/IA32/MdePkg/Library/BaseLib/BaseLib/OUTPUT/SafeString.obj
/root/next-loader/src/edk2/UDK2018/MyWorkSpace/Build/MdeModule/RELEASE_GCC49/IA32/MdePkg/Library/BaseLib/BaseLib/OUTPUT/String.obj
/root/next-loader/src/edk2/UDK2018/MyWorkSpace/Build/MdeModule/RELEASE_GCC49/IA32/MdePkg/Library/BaseLib/BaseLib/OUTPUT/FilePaths.obj
/root/next-loader/src/edk2/UDK2018/MyWorkSpace/Build/MdeModule/RELEASE_GCC49/IA32/MdePkg/Library/BaseLib/BaseLib/OUTPUT/Ia32/WriteTr.obj
/root/next-loader/src/edk2/UDK2018/MyWorkSpace/Build/MdeModule/RELEASE_GCC49/IA32/MdePkg/Library/BaseLib/BaseLib/OUTPUT/Ia32/GccInline.obj
/root/next-loader/src/edk2/UDK2018/MyWorkSpace/Build/MdeModule/RELEASE_GCC49/IA32/MdePkg/Library/BaseLib/BaseLib/OUTPUT/Ia32/Thunk16.obj
/root/next-loader/src/edk2/UDK2018/MyWorkSpace/Build/MdeModule/RELEASE_GCC49/IA32/MdePkg/Library/BaseLib/BaseLib/OUTPUT/Ia32/EnableDisableInterrupts.obj
/root/next-loader/src/edk2/UDK2018/MyWorkSpace/Build/MdeModule/RELEASE_GCC49/IA32/MdePkg/Library/BaseLib/BaseLib/OUTPUT/Ia32/EnablePaging64.obj
/root/next-loader/src/edk2/UDK2018/MyWorkSpace/Build/MdeModule/RELEASE_GCC49/IA32/MdePkg/Library/BaseLib/BaseLib/OUTPUT/Ia32/DisablePaging32.obj
/root/next-loader/src/edk2/UDK2018/MyWorkSpace/Build/MdeModule/RELEASE_GCC49/IA32/MdePkg/Library/BaseLib/BaseLib/OUTPUT/Ia32/EnablePaging32.obj
/root/next-loader/src/edk2/UDK2018/MyWorkSpace/Build/MdeModule/RELEASE_GCC49/IA32/MdePkg/Library/BaseLib/BaseLib/OUTPUT/Ia32/Mwait.obj
/root/next-loader/src/edk2/UDK2018/MyWorkSpace/Build/MdeModule/RELEASE_GCC49/IA32/MdePkg/Library/BaseLib/BaseLib/OUTPUT/Ia32/Monitor.obj
/root/next-loader/src/edk2/UDK2018/MyWorkSpace/Build/MdeModule/RELEASE_GCC49/IA32/MdePkg/Library/BaseLib/BaseLib/OUTPUT/Ia32/CpuIdEx.obj
/root/next-loader/src/edk2/UDK2018/MyWorkSpace/Build/MdeModule/RELEASE_GCC49/IA32/MdePkg/Library/BaseLib/BaseLib/OUTPUT/Ia32/CpuId.obj
/root/next-loader/src/edk2/UDK2018/MyWorkSpace/Build/MdeModule/RELEASE_GCC49/IA32/MdePkg/Library/BaseLib/BaseLib/OUTPUT/Ia32/LongJump.obj
/root/next-loader/src/edk2/UDK2018/MyWorkSpace/Build/MdeModule/RELEASE_GCC49/IA32/MdePkg/Library/BaseLib/BaseLib/OUTPUT/Ia32/SetJump.obj
/root/next-loader/src/edk2/UDK2018/MyWorkSpace/Build/MdeModule/RELEASE_GCC49/IA32/MdePkg/Library/BaseLib/BaseLib/OUTPUT/Ia32/SwapBytes64.obj
/root/next-loader/src/edk2/UDK2018/MyWorkSpace/Build/MdeModule/RELEASE_GCC49/IA32/MdePkg/Library/BaseLib/BaseLib/OUTPUT/Ia32/DivU64x64Remainder.obj
/root/next-loader/src/edk2/UDK2018/MyWorkSpace/Build/MdeModule/RELEASE_GCC49/IA32/MdePkg/Library/BaseLib/BaseLib/OUTPUT/Ia32/DivU64x32Remainder.obj
/root/next-loader/src/edk2/UDK2018/MyWorkSpace/Build/MdeModule/RELEASE_GCC49/IA32/MdePkg/Library/BaseLib/BaseLib/OUTPUT/Ia32/ModU64x32.obj
/root/next-loader/src/edk2/UDK2018/MyWorkSpace/Build/MdeModule/RELEASE_GCC49/IA32/MdePkg/Library/BaseLib/BaseLib/OUTPUT/Ia32/DivU64x32.obj
/root/next-loader/src/edk2/UDK2018/MyWorkSpace/Build/MdeModule/RELEASE_GCC49/IA32/MdePkg/Library/BaseLib/BaseLib/OUTPUT/Ia32/MultU64x64.obj
/root/next-loader/src/edk2/UDK2018/MyWorkSpace/Build/MdeModule/RELEASE_GCC49/IA32/MdePkg/Library/BaseLib/BaseLib/OUTPUT/Ia32/MultU64x32.obj
/root/next-loader/src/edk2/UDK2018/MyWorkSpace/Build/MdeModule/RELEASE_GCC49/IA32/MdePkg/Library/BaseLib/BaseLib/OUTPUT/Ia32/RRotU64.obj
/root/next-loader/src/edk2/UDK2018/MyWorkSpace/Build/MdeModule/RELEASE_GCC49/IA32/MdePkg/Library/BaseLib/BaseLib/OUTPUT/Ia32/LRotU64.obj
/root/next-loader/src/edk2/UDK2018/MyWorkSpace/Build/MdeModule/RELEASE_GCC49/IA32/MdePkg/Library/BaseLib/BaseLib/OUTPUT/Ia32/ARShiftU64.obj
/root/next-loader/src/edk2/UDK2018/MyWorkSpace/Build/MdeModule/RELEASE_GCC49/IA32/MdePkg/Library/BaseLib/BaseLib/OUTPUT/Ia32/RShiftU64.obj
/root/next-loader/src/edk2/UDK2018/MyWorkSpace/Build/MdeModule/RELEASE_GCC49/IA32/MdePkg/Library/BaseLib/BaseLib/OUTPUT/Ia32/LShiftU64.obj
/root/next-loader/src/edk2/UDK2018/MyWorkSpace/Build/MdeModule/RELEASE_GCC49/IA32/MdePkg/Library/BaseLib/BaseLib/OUTPUT/Ia32/EnableCache.obj
/root/next-loader/src/edk2/UDK2018/MyWorkSpace/Build/MdeModule/RELEASE_GCC49/IA32/MdePkg/Library/BaseLib/BaseLib/OUTPUT/Ia32/DisableCache.obj
/root/next-loader/src/edk2/UDK2018/MyWorkSpace/Build/MdeModule/RELEASE_GCC49/IA32/MdePkg/Library/BaseLib/BaseLib/OUTPUT/Ia32/RdRand.obj
/root/next-loader/src/edk2/UDK2018/MyWorkSpace/Build/MdeModule/RELEASE_GCC49/IA32/MdePkg/Library/BaseLib/BaseLib/OUTPUT/Ia32/DivS64x64Remainder.obj
/root/next-loader/src/edk2/UDK2018/MyWorkSpace/Build/MdeModule/RELEASE_GCC49/IA32/MdePkg/Library/BaseLib/BaseLib/OUTPUT/Ia32/InternalSwitchStack.obj
/root/next-loader/src/edk2/UDK2018/MyWorkSpace/Build/MdeModule/RELEASE_GCC49/IA32/MdePkg/Library/BaseLib/BaseLib/OUTPUT/Ia32/Non-existing.obj
/root/next-loader/src/edk2/UDK2018/MyWorkSpace/Build/MdeModule/RELEASE_GCC49/IA32/MdePkg/Library/BaseLib/BaseLib/OUTPUT/Unaligned.obj
/root/next-loader/src/edk2/UDK2018/MyWorkSpace/Build/MdeModule/RELEASE_GCC49/IA32/MdePkg/Library/BaseLib/BaseLib/OUTPUT/X86WriteIdtr.obj
/root/next-loader/src/edk2/UDK2018/MyWorkSpace/Build/MdeModule/RELEASE_GCC49/IA32/MdePkg/Library/BaseLib/BaseLib/OUTPUT/X86WriteGdtr.obj
/root/next-loader/src/edk2/UDK2018/MyWorkSpace/Build/MdeModule/RELEASE_GCC49/IA32/MdePkg/Library/BaseLib/BaseLib/OUTPUT/X86Thunk.obj
/root/next-loader/src/edk2/UDK2018/MyWorkSpace/Build/MdeModule/RELEASE_GCC49/IA32/MdePkg/Library/BaseLib/BaseLib/OUTPUT/X86ReadIdtr.obj
/root/next-loader/src/edk2/UDK2018/MyWorkSpace/Build/MdeModule/RELEASE_GCC49/IA32/MdePkg/Library/BaseLib/BaseLib/OUTPUT/X86ReadGdtr.obj
/root/next-loader/src/edk2/UDK2018/MyWorkSpace/Build/MdeModule/RELEASE_GCC49/IA32/MdePkg/Library/BaseLib/BaseLib/OUTPUT/X86Msr.obj
/root/next-loader/src/edk2/UDK2018/MyWorkSpace/Build/MdeModule/RELEASE_GCC49/IA32/MdePkg/Library/BaseLib/BaseLib/OUTPUT/X86GetInterruptState.obj
/root/next-loader/src/edk2/UDK2018/MyWorkSpace/Build/MdeModule/RELEASE_GCC49/IA32/MdePkg/Library/BaseLib/BaseLib/OUTPUT/X86FxSave.obj
/root/next-loader/src/edk2/UDK2018/MyWorkSpace/Build/MdeModule/RELEASE_GCC49/IA32/MdePkg/Library/BaseLib/BaseLib/OUTPUT/X86FxRestore.obj
/root/next-loader/src/edk2/UDK2018/MyWorkSpace/Build/MdeModule/RELEASE_GCC49/IA32/MdePkg/Library/BaseLib/BaseLib/OUTPUT/X86EnablePaging64.obj
/root/next-loader/src/edk2/UDK2018/MyWorkSpace/Build/MdeModule/RELEASE_GCC49/IA32/MdePkg/Library/BaseLib/BaseLib/OUTPUT/X86EnablePaging32.obj
/root/next-loader/src/edk2/UDK2018/MyWorkSpace/Build/MdeModule/RELEASE_GCC49/IA32/MdePkg/Library/BaseLib/BaseLib/OUTPUT/X86DisablePaging64.obj
/root/next-loader/src/edk2/UDK2018/MyWorkSpace/Build/MdeModule/RELEASE_GCC49/IA32/MdePkg/Library/BaseLib/BaseLib/OUTPUT/X86DisablePaging32.obj
/root/next-loader/src/edk2/UDK2018/MyWorkSpace/Build/MdeModule/RELEASE_GCC49/IA32/MdePkg/Library/BaseLib/BaseLib/OUTPUT/X86RdRand.obj