/root/next-loader/src/edk2/UDK2018/MyWorkSpace/Build/MdeModule/RELEASE_GCC49/IA32/MdePkg/Library/BaseDebugPrintErrorLevelLib/BaseDebugPrintErrorLevelLib/OUTPUT/BaseDebugPrintErrorLevelLib.lib
/root/next-loader/src/edk2/UDK2018/MyWorkSpace/Build/MdeModule/RELEASE_GCC49/IA32/MdePkg/Library/BasePrintLib/BasePrintLib/OUTPUT/BasePrintLib.lib
/root/next-loader/src/edk2/UDK2018/MyWorkSpace/Build/MdeModule/RELEASE_GCC49/IA32/MdePkg/Library/BasePcdLibNull/BasePcdLibNull/OUTPUT/BasePcdLibNull.lib
/root/next-loader/src/edk2/UDK2018/MyWorkSpace/Build/MdeModule/RELEASE_GCC49/IA32/MdePkg/Library/UefiDebugLibConOut/UefiDebugLibConOut/OUTPUT/UefiDebugLibConOut.lib
/root/next-loader/src/edk2/UDK2018/MyWorkSpace/Build/MdeModule/RELEASE_GCC49/IA32/MdePkg/Library/BaseMemoryLib/BaseMemoryLib/OUTPUT/BaseMemoryLib.lib
/root/next-loader/src/edk2/UDK2018/MyWorkSpace/Build/MdeModule/RELEASE_GCC49/IA32/MdePkg/Library/BaseLib/BaseLib/OUTPUT/BaseLib.lib
/root/next-loader/src/edk2/UDK2018/MyWorkSpace/Build/MdeModule/RELEASE_GCC49/IA32/MdePkg/Library/UefiBootServicesTableLib/UefiBootServicesTableLib/OUTPUT/UefiBootServicesTableLib.lib
/root/next-loader/src/edk2/UDK2018/MyWorkSpace/Build/MdeModule/RELEASE_GCC49/IA32/MdePkg/Library/UefiMemoryAllocationLib/UefiMemoryAllocationLib/OUTPUT/UefiMemoryAllocationLib.lib
/root/next-loader/src/edk2/UDK2018/MyWorkSpace/Build/MdeModule/RELEASE_GCC49/IA32/MdePkg/Library/UefiRuntimeServicesTableLib/UefiRuntimeServicesTableLib/OUTPUT/UefiRuntimeServicesTableLib.lib
/root/next-loader/src/edk2/UDK2018/MyWorkSpace/Build/MdeModule/RELEASE_GCC49/IA32/MdePkg/Library/UefiDevicePathLib/UefiDevicePathLib/OUTPUT/UefiDevicePathLib.lib
/root/next-loader/src/edk2/UDK2018/MyWorkSpace/Build/MdeModule/RELEASE_GCC49/IA32/MdePkg/Library/UefiLib/UefiLib/OUTPUT/UefiLib.lib
/root/next-loader/src/edk2/UDK2018/MyWorkSpace/Build/MdeModule/RELEASE_GCC49/IA32/MdePkg/Library/BaseTimerLibNullTemplate/BaseTimerLibNullTemplate/OUTPUT/BaseTimerLibNullTemplate.lib
/root/next-loader/src/edk2/UDK2018/MyWorkSpace/Build/MdeModule/RELEASE_GCC49/IA32/MdeModulePkg/Library/VarCheckLib/VarCheckLib/OUTPUT/VarCheckLib.lib
/root/next-loader/src/edk2/UDK2018/MyWorkSpace/Build/MdeModule/RELEASE_GCC49/IA32/MdePkg/Library/DxeServicesLib/DxeServicesLib/OUTPUT/DxeServicesLib.lib
/root/next-loader/src/edk2/UDK2018/MyWorkSpace/Build/MdeModule/RELEASE_GCC49/IA32/MdePkg/Library/BaseSynchronizationLib/BaseSynchronizationLib/OUTPUT/BaseSynchronizationLib.lib
/root/next-loader/src/edk2/UDK2018/MyWorkSpace/Build/MdeModule/RELEASE_GCC49/IA32/MdePkg/Library/UefiRuntimeLib/UefiRuntimeLib/OUTPUT/UefiRuntimeLib.lib
/root/next-loader/src/edk2/UDK2018/MyWorkSpace/Build/MdeModule/RELEASE_GCC49/IA32/MdePkg/Library/DxeServicesTableLib/DxeServicesTableLib/OUTPUT/DxeServicesTableLib.lib
/root/next-loader/src/edk2/UDK2018/MyWorkSpace/Build/MdeModule/RELEASE_GCC49/IA32/MdePkg/Library/UefiDriverEntryPoint/UefiDriverEntryPoint/OUTPUT/UefiDriverEntryPoint.lib
/root/next-loader/src/edk2/UDK2018/MyWorkSpace/Build/MdeModule/RELEASE_GCC49/IA32/MdePkg/Library/DxeHobLib/DxeHobLib/OUTPUT/DxeHobLib.lib
/root/next-loader/src/edk2/UDK2018/MyWorkSpace/Build/MdeModule/RELEASE_GCC49/IA32/MdeModulePkg/Library/TpmMeasurementLibNull/TpmMeasurementLibNull/OUTPUT/TpmMeasurementLibNull.lib
/root/next-loader/src/edk2/UDK2018/MyWorkSpace/Build/MdeModule/RELEASE_GCC49/IA32/MdeModulePkg/Library/AuthVariableLibNull/AuthVariableLibNull/OUTPUT/AuthVariableLibNull.lib
/root/next-loader/src/edk2/UDK2018/MyWorkSpace/Build/MdeModule/RELEASE_GCC49/IA32/MdeModulePkg/Library/VarCheckUefiLib/VarCheckUefiLib/OUTPUT/VarCheckUefiLib.lib
/root/next-loader/src/edk2/UDK2018/MyWorkSpace/Build/MdeModule/RELEASE_GCC49/IA32/MdeModulePkg/Library/VarCheckHiiLib/VarCheckHiiLib/OUTPUT/VarCheckHiiLib.lib
/root/next-loader/src/edk2/UDK2018/MyWorkSpace/Build/MdeModule/RELEASE_GCC49/IA32/MdeModulePkg/Library/VarCheckPcdLib/VarCheckPcdLib/OUTPUT/VarCheckPcdLib.lib
/root/next-loader/src/edk2/UDK2018/MyWorkSpace/Build/MdeModule/RELEASE_GCC49/IA32/MdeModulePkg/Universal/Variable/RuntimeDxe/VariableRuntimeDxe/OUTPUT/VariableRuntimeDxe.lib