/root/next-loader/src/edk2/UDK2018/MyWorkSpace/Build/MdeModule/RELEASE_GCC49/AARCH64/MdePkg/Library/BasePcdLibNull/BasePcdLibNull/OUTPUT/BasePcdLibNull.lib
/root/next-loader/src/edk2/UDK2018/MyWorkSpace/Build/MdeModule/RELEASE_GCC49/AARCH64/MdePkg/Library/BaseLib/BaseLib/OUTPUT/BaseLib.lib
/root/next-loader/src/edk2/UDK2018/MyWorkSpace/Build/MdeModule/RELEASE_GCC49/AARCH64/MdePkg/Library/BaseMemoryLib/BaseMemoryLib/OUTPUT/BaseMemoryLib.lib
/root/next-loader/src/edk2/UDK2018/MyWorkSpace/Build/MdeModule/RELEASE_GCC49/AARCH64/MdePkg/Library/BaseDebugLibNull/BaseDebugLibNull/OUTPUT/BaseDebugLibNull.lib
/root/next-loader/src/edk2/UDK2018/MyWorkSpace/Build/MdeModule/RELEASE_GCC49/AARCH64/MdePkg/Library/UefiBootServicesTableLib/UefiBootServicesTableLib/OUTPUT/UefiBootServicesTableLib.lib
/root/next-loader/src/edk2/UDK2018/MyWorkSpace/Build/MdeModule/RELEASE_GCC49/AARCH64/MdePkg/Library/UefiMemoryAllocationLib/UefiMemoryAllocationLib/OUTPUT/UefiMemoryAllocationLib.lib
/root/next-loader/src/edk2/UDK2018/MyWorkSpace/Build/MdeModule/RELEASE_GCC49/AARCH64/MdePkg/Library/BasePrintLib/BasePrintLib/OUTPUT/BasePrintLib.lib
/root/next-loader/src/edk2/UDK2018/MyWorkSpace/Build/MdeModule/RELEASE_GCC49/AARCH64/MdePkg/Library/BaseIoLibIntrinsic/BaseIoLibIntrinsic/OUTPUT/BaseIoLibIntrinsic.lib
/root/next-loader/src/edk2/UDK2018/MyWorkSpace/Build/MdeModule/RELEASE_GCC49/AARCH64/MdePkg/Library/UefiRuntimeServicesTableLib/UefiRuntimeServicesTableLib/OUTPUT/UefiRuntimeServicesTableLib.lib
/root/next-loader/src/edk2/UDK2018/MyWorkSpace/Build/MdeModule/RELEASE_GCC49/AARCH64/MdePkg/Library/UefiDevicePathLib/UefiDevicePathLib/OUTPUT/UefiDevicePathLib.lib
/root/next-loader/src/edk2/UDK2018/MyWorkSpace/Build/MdeModule/RELEASE_GCC49/AARCH64/MdePkg/Library/BasePciCf8Lib/BasePciCf8Lib/OUTPUT/BasePciCf8Lib.lib
/root/next-loader/src/edk2/UDK2018/MyWorkSpace/Build/MdeModule/RELEASE_GCC49/AARCH64/MdePkg/Library/UefiLib/UefiLib/OUTPUT/UefiLib.lib
/root/next-loader/src/edk2/UDK2018/MyWorkSpace/Build/MdeModule/RELEASE_GCC49/AARCH64/MdePkg/Library/BasePciLibCf8/BasePciLibCf8/OUTPUT/BasePciLibCf8.lib
/root/next-loader/src/edk2/UDK2018/MyWorkSpace/Build/MdeModule/RELEASE_GCC49/AARCH64/MdePkg/Library/UefiDriverEntryPoint/UefiDriverEntryPoint/OUTPUT/UefiDriverEntryPoint.lib
/root/next-loader/src/edk2/UDK2018/MyWorkSpace/Build/MdeModule/RELEASE_GCC49/AARCH64/MdePkg/Library/DxeServicesTableLib/DxeServicesTableLib/OUTPUT/DxeServicesTableLib.lib
/root/next-loader/src/edk2/UDK2018/MyWorkSpace/Build/MdeModule/RELEASE_GCC49/AARCH64/MdePkg/Library/BasePciSegmentLibPci/BasePciSegmentLibPci/OUTPUT/BasePciSegmentLibPci.lib
/root/next-loader/src/edk2/UDK2018/MyWorkSpace/Build/MdeModule/RELEASE_GCC49/AARCH64/MdeModulePkg/Library/PciHostBridgeLibNull/PciHostBridgeLibNull/OUTPUT/PciHostBridgeLibNull.lib
/root/next-loader/src/edk2/UDK2018/MyWorkSpace/Build/MdeModule/RELEASE_GCC49/AARCH64/ArmPkg/Library/CompilerIntrinsicsLib/CompilerIntrinsicsLib/OUTPUT/CompilerIntrinsicsLib.lib
/root/next-loader/src/edk2/UDK2018/MyWorkSpace/Build/MdeModule/RELEASE_GCC49/AARCH64/MdePkg/Library/BaseStackCheckLib/BaseStackCheckLib/OUTPUT/BaseStackCheckLib.lib
/root/next-loader/src/edk2/UDK2018/MyWorkSpace/Build/MdeModule/RELEASE_GCC49/AARCH64/MdeModulePkg/Bus/Pci/PciHostBridgeDxe/PciHostBridgeDxe/OUTPUT/PciHostBridgeDxe.lib